<?xml version="1.0" encoding="UTF-8"?>
<!-- Generated by org.testng.reporters.JUnitReportReporter -->
<testsuite skipped="0" hostname="DESKTOP-R3EKG9O" name="guru99BankWebApp.NegativeTestScenarioUserLogin" tests="1" failures="0" timestamp="2020-08-13T03:19:21 GMT" time="0.012" errors="0">
  <testcase name="Demo" time="0.012" classname="guru99BankWebApp.NegativeTestScenarioUserLogin"/>
  <system-out/>
</testsuite> <!-- guru99BankWebApp.NegativeTestScenarioUserLogin -->
